#
# A fatal error has been detected by the Java Runtime Environment:
#
#  EXCEPTION_ACCESS_VIOLATION (0xc0000005) at pc=0x504326fc, pid=11348, tid=0x0000232c
#
# JRE version: OpenJDK Runtime Environment (8.0_112-b06) (build 1.8.0_112-release-408-b6)
# Java VM: OpenJDK Server VM (25.112-b6 mixed mode windows-x86 )
# Problematic frame:
# V  [jvm.dll+0x326fc]
#
# Failed to write core dump. Minidumps are not enabled by default on client versions of Windows
#
# If you would like to submit a bug report, please visit:
#   http://bugreport.java.com/bugreport/crash.jsp
#

---------------  T H R E A D  ---------------

Current thread (0x3236cc00):  VMThread [stack: 0x328c0000,0x329c0000] [id=9004]

siginfo: ExceptionCode=0xc0000005, reading address 0x0000003c

Registers:
EAX=0x00000000, EBX=0x00000000, ECX=0x0000003c, EDX=0x00000000
ESP=0x329bfb70, EBP=0x329bfb70, ESI=0x5545ecc4, EDI=0x59c2c3c0
EIP=0x504326fc, EFLAGS=0x00010206

Top of Stack: (sp=0x329bfb70)
0x329bfb70:   329bfbd0 504a5699 00000000 50586308
0x329bfb80:   014afab8 59c2c3c0 50587010 00000000
0x329bfb90:   00000000 1c0d9f78 59c2c3c0 00000000
0x329bfba0:   00000000 00000000 00000000 00000000
0x329bfbb0:   00000000 789f0d1c 00000000 78b10e1c
0x329bfbc0:   18d40e1c 01000000 b0ac1b1c 329bfb20
0x329bfbd0:   329bfbe0 50587028 5545ecc4 00000000
0x329bfbe0:   329bfbf8 5042cb33 59c2c3c0 5545ec6c 

Instructions: (pc=0x504326fc)
0x504326dc:   8b 04 01 5d c3 cc cc cc cc cc cc cc cc cc cc cc
0x504326ec:   cc cc cc cc 55 8b ec 8b 45 08 8b 0d a4 8d 95 50
0x504326fc:   8b 04 01 5d c3 cc cc cc cc cc cc cc cc cc cc cc
0x5043270c:   cc cc cc cc 55 8b ec 56 8b 75 10 56 51 8b c4 c7 


Register to memory mapping:

EAX=0x00000000 is an unknown value
EBX=0x00000000 is an unknown value
ECX=0x0000003c is an unknown value
EDX=0x00000000 is an unknown value
ESP=0x329bfb70 is an unknown value
EBP=0x329bfb70 is an unknown value
ESI=0x5545ecc4 is pointing into the stack for thread: 0x3888f000
EDI=0x59c2c3c0 is pointing into metadata


Stack: [0x328c0000,0x329c0000],  sp=0x329bfb70,  free space=1022k
Native frames: (J=compiled Java code, j=interpreted, Vv=VM code, C=native code)
V  [jvm.dll+0x326fc]
V  [jvm.dll+0xa5699]
V  [jvm.dll+0x187028]
V  [jvm.dll+0x2cb33]
V  [jvm.dll+0x18717d]
V  [jvm.dll+0x17b1cb]
V  [jvm.dll+0x17a5fa]
V  [jvm.dll+0x17a9f7]
V  [jvm.dll+0x17abf2]
V  [jvm.dll+0x1b5396]
C  [MSVCR100.dll+0x5c556]
C  [MSVCR100.dll+0x5c600]
C  [kernel32.dll+0x53c45]
C  [ntdll.dll+0x6367a]
C  [ntdll.dll+0x6364d]

VM_Operation (0x5545ec6c): HeapDumper, mode: safepoint, requested by thread 0x3888f000


---------------  P R O C E S S  ---------------

Java Threads: ( => current thread )
  0x3888f800 JavaThread "ApplicationImpl pooled thread 55" [_thread_blocked, id=7380, stack(0x5c090000,0x5c190000)]
  0x4cd2e400 JavaThread "ApplicationImpl pooled thread 54" [_thread_blocked, id=9584, stack(0x59790000,0x59890000)]
  0x4cd2b000 JavaThread "ApplicationImpl pooled thread 53" [_thread_blocked, id=1980, stack(0x58030000,0x58130000)]
  0x446ae000 JavaThread "ApplicationImpl pooled thread 52" [_thread_blocked, id=10352, stack(0x48ab0000,0x48bb0000)]
  0x4cd29800 JavaThread "ApplicationImpl pooled thread 51" [_thread_blocked, id=11764, stack(0x38e90000,0x38f90000)]
  0x4cd27800 JavaThread "ApplicationImpl pooled thread 50" [_thread_blocked, id=11976, stack(0x55660000,0x55760000)]
  0x4cd27000 JavaThread "ApplicationImpl pooled thread 49" [_thread_blocked, id=10092, stack(0x55560000,0x55660000)]
  0x3888f000 JavaThread "ApplicationImpl pooled thread 48" [_thread_blocked, id=9784, stack(0x55360000,0x55460000)]
  0x4d214000 JavaThread "ApplicationImpl pooled thread 47" [_thread_blocked, id=5688, stack(0x4b950000,0x4ba50000)]
  0x4d213800 JavaThread "ApplicationImpl pooled thread 46" [_thread_blocked, id=11716, stack(0x49f40000,0x4a040000)]
  0x4d210800 JavaThread "ApplicationImpl pooled thread 43" [_thread_blocked, id=11196, stack(0x48bb0000,0x48cb0000)]
  0x4c7ad400 JavaThread "ApplicationImpl pooled thread 39" [_thread_blocked, id=10840, stack(0x4d380000,0x4d480000)]
  0x4c7abc00 JavaThread "ApplicationImpl pooled thread 37" [_thread_blocked, id=12132, stack(0x511e0000,0x512e0000)]
  0x4c7a8400 JavaThread "RMI TCP Connection(idle)" daemon [_thread_blocked, id=592, stack(0x510e0000,0x511e0000)]
  0x4c7a8000 JavaThread "RMI RenewClean-[localhost:53089]" daemon [_thread_blocked, id=10116, stack(0x50fe0000,0x510e0000)]
  0x4c7a7800 JavaThread "RMI Scheduler(0)" daemon [_thread_blocked, id=764, stack(0x50ee0000,0x50fe0000)]
  0x4c7a7000 JavaThread "GC Daemon" daemon [_thread_blocked, id=7316, stack(0x50ce0000,0x50de0000)]
  0x4c7b5800 JavaThread "RMI Reaper" [_thread_blocked, id=12108, stack(0x4d580000,0x4d680000)]
  0x4c7b5c00 JavaThread "RMI TCP Accept-0" daemon [_thread_in_native, id=2972, stack(0x45530000,0x45630000)]
  0x4c7a6400 JavaThread "BaseDataReader: error stream of java" [_thread_blocked, id=11396, stack(0x50ae0000,0x50be0000)]
  0x4cb27800 JavaThread "BaseDataReader: output stream of java" [_thread_blocked, id=10956, stack(0x4ff70000,0x50070000)]
  0x4c7b4800 JavaThread "ProcessWaitFor: java" [_thread_in_native, id=11948, stack(0x4fd70000,0x4fe70000)]
  0x38a07c00 JavaThread "BaseDataReader: error stream of scalaCompileServer" [_thread_blocked, id=5712, stack(0x4b450000,0x4b550000)]
  0x38a07800 JavaThread "BaseDataReader: output stream of scalaCompileServer" [_thread_blocked, id=12260, stack(0x4b350000,0x4b450000)]
  0x3fc9e000 JavaThread "ProcessWaitFor: scalaCompileServer" [_thread_in_native, id=12040, stack(0x4b250000,0x4b350000)]
  0x4186f400 JavaThread "Netty threadDeathWatcher-2-1" daemon [_thread_blocked, id=6744, stack(0x4a140000,0x4a240000)]
  0x37f38800 JavaThread "TimerQueue" daemon [_thread_blocked, id=10848, stack(0x3a5f0000,0x3a6f0000)]
  0x37ecc000 JavaThread "BaseDataReader: error stream of fsnotifier.exe" [_thread_in_native, id=10504, stack(0x397c0000,0x398c0000)]
  0x37e33800 JavaThread "BaseDataReader: output stream of fsnotifier.exe" [_thread_blocked, id=11436, stack(0x396c0000,0x397c0000)]
  0x37e33000 JavaThread "ProcessWaitFor: fsnotifier.exe" [_thread_in_native, id=10556, stack(0x395c0000,0x396c0000)]
  0x3572fc00 JavaThread "Periodic tasks thread" [_thread_blocked, id=11088, stack(0x37520000,0x37620000)]
  0x3572f400 JavaThread "AWT-EventQueue-0 2016.3.4#IC-163.12024.16 IDEA, eap:false, os:Windows 7 6.1, java-version:JetBrains s.r.o 1.8.0_112-release-408-b6" [_thread_blocked, id=10500, stack(0x37420000,0x37520000)]
  0x35643c00 JavaThread "Netty Builtin Server 1" [_thread_in_native, id=4836, stack(0x36d10000,0x36e10000)]
  0x3400e400 JavaThread "AWT-Windows" daemon [_thread_blocked, id=11096, stack(0x34650000,0x34750000)]
  0x3400e000 JavaThread "AWT-Shutdown" [_thread_blocked, id=12076, stack(0x34550000,0x34650000)]
  0x3400d800 JavaThread "Java2D Disposer" daemon [_thread_blocked, id=11728, stack(0x34450000,0x34550000)]
  0x32410000 JavaThread "Service Thread" daemon [_thread_blocked, id=10228, stack(0x331c0000,0x332c0000)]
  0x323b4000 JavaThread "C1 CompilerThread2" daemon [_thread_blocked, id=8356, stack(0x330c0000,0x331c0000)]
  0x323b0400 JavaThread "C2 CompilerThread1" daemon [_thread_blocked, id=10488, stack(0x32fc0000,0x330c0000)]
  0x323ac000 JavaThread "C2 CompilerThread0" daemon [_thread_blocked, id=4268, stack(0x32ec0000,0x32fc0000)]
  0x323aac00 JavaThread "Attach Listener" daemon [_thread_blocked, id=10588, stack(0x32dc0000,0x32ec0000)]
  0x323be800 JavaThread "Signal Dispatcher" daemon [_thread_blocked, id=11448, stack(0x32cc0000,0x32dc0000)]
  0x323bd800 JavaThread "Surrogate Locker Thread (Concurrent GC)" daemon [_thread_blocked, id=2724, stack(0x32bc0000,0x32cc0000)]
  0x32395c00 JavaThread "Finalizer" daemon [_thread_blocked, id=11408, stack(0x32ac0000,0x32bc0000)]
  0x32370800 JavaThread "Reference Handler" daemon [_thread_blocked, id=2188, stack(0x329c0000,0x32ac0000)]
  0x0171d800 JavaThread "main" [_thread_blocked, id=4456, stack(0x00030000,0x00130000)]

Other Threads:
=>0x3236cc00 VMThread [stack: 0x328c0000,0x329c0000] [id=9004]
  0x32413400 WatcherThread [stack: 0x332c0000,0x333c0000] [id=1312]

VM state:at safepoint (normal execution)

VM Mutex/Monitor currently owned by a thread:  ([mutex/lock_event])
[0x0171b128] Threads_lock - owner thread: 0x3236cc00
[0x0171b5a0] Heap_lock - owner thread: 0x3888f000

Heap:
 par new generation   total 157248K, used 157247K [0x11600000, 0x1c0a0000, 0x1c0a0000)
  eden space 139776K, 100% used [0x11600000, 0x19e80000, 0x19e80000)
  from space 17472K,  99% used [0x1af90000, 0x1c09fff8, 0x1c0a0000)
  to   space 17472K,   0% used [0x19e80000, 0x19e80000, 0x1af90000)
 concurrent mark-sweep generation total 349568K, used 349567K [0x1c0a0000, 0x31600000, 0x31600000)
 Metaspace       used 160602K, capacity 164583K, committed 165760K, reserved 166272K

Card table byte_map: [0x114b0000,0x115c0000] byte_map_base: 0x11425000

Marking Bits: (CMSBitMap*) 0x01527408
 Bits: [0x316b0000, 0x3215b000)

Mod Union Table: (CMSBitMap*) 0x01527468
 Bits: [0x00670000, 0x00685560)

Polling page: 0x001f0000

CodeCache: size=245760Kb used=175706Kb max_used=179445Kb free=70053Kb
 bounds [0x01df0000, 0x0cf10000, 0x10df0000]
 total_blobs=45395 nmethods=44988 adapters=313
 compilation: enabled

Compilation events (10 events):
Event: 2953.236 Thread 0x323b0400 nmethod 68804 0x0c12a808 code [0x0c12a960, 0x0c12b1f0]
Event: 2953.236 Thread 0x323b0400 68812       4       com.intellij.lang.xml.XmlASTFactory::createComposite (383 bytes)
Event: 2953.245 Thread 0x323ac000 nmethod 68811 0x0be9e808 code [0x0be9ea40, 0x0be9f7b4]
Event: 2953.248 Thread 0x323b0400 nmethod 68812 0x074b75c8 code [0x074b77e0, 0x074b8424]
Event: 2953.418 Thread 0x323b4000 68813       3       com.intellij.lexer.HtmlLexer::getTokenType (229 bytes)
Event: 2953.419 Thread 0x323b4000 nmethod 68813 0x0b783548 code [0x0b783780, 0x0b784668]
Event: 2953.419 Thread 0x323b4000 68814       3       com.intellij.lexer.BaseHtmlLexer$XmlNameHandler::handleElement (496 bytes)
Event: 2953.421 Thread 0x323b4000 nmethod 68814 0x0837a188 code [0x0837a5e0, 0x0837ca40]
Event: 2954.631 Thread 0x323ac000 68815       4       com.intellij.lang.html.HtmlParsing::terminateText (17 bytes)
Event: 2954.633 Thread 0x323ac000 nmethod 68815 0x051cffc8 code [0x051d00c0, 0x051d015c]

GC Heap History (10 events):
Event: 2965.482 GC heap before
{Heap before GC invocations=2008 (full 37):
 par new generation   total 157248K, used 157241K [0x11600000, 0x1c0a0000, 0x1c0a0000)
  eden space 139776K,  99% used [0x11600000, 0x19e7f198, 0x19e80000)
  from space 17472K,  99% used [0x1af90000, 0x1c09f398, 0x1c0a0000)
  to   space 17472K,   0% used [0x19e80000, 0x19e80000, 0x1af90000)
 concurrent mark-sweep generation total 349568K, used 349564K [0x1c0a0000, 0x31600000, 0x31600000)
 Metaspace       used 160589K, capacity 164583K, committed 165760K, reserved 166272K
Event: 2966.446 GC heap after
Heap after GC invocations=2009 (full 38):
 par new generation   total 157248K, used 157241K [0x11600000, 0x1c0a0000, 0x1c0a0000)
  eden space 139776K,  99% used [0x11600000, 0x19e7f198, 0x19e80000)
  from space 17472K,  99% used [0x1af90000, 0x1c09f398, 0x1c0a0000)
  to   space 17472K,   0% used [0x19e80000, 0x19e80000, 0x1af90000)
 concurrent mark-sweep generation total 349568K, used 349564K [0x1c0a0000, 0x31600000, 0x31600000)
 Metaspace       used 160589K, capacity 164583K, committed 165760K, reserved 166272K
}
Event: 2966.470 GC heap before
{Heap before GC invocations=2009 (full 38):
 par new generation   total 157248K, used 157248K [0x11600000, 0x1c0a0000, 0x1c0a0000)
  eden space 139776K, 100% used [0x11600000, 0x19e80000, 0x19e80000)
  from space 17472K, 100% used [0x1af90000, 0x1c0a0000, 0x1c0a0000)
  to   space 17472K,   0% used [0x19e80000, 0x19e80000, 0x1af90000)
 concurrent mark-sweep generation total 349568K, used 349566K [0x1c0a0000, 0x31600000, 0x31600000)
 Metaspace       used 160590K, capacity 164583K, committed 165760K, reserved 166272K
Event: 2967.435 GC heap after
Heap after GC invocations=2010 (full 39):
 par new generation   total 157248K, used 157241K [0x11600000, 0x1c0a0000, 0x1c0a0000)
  eden space 139776K,  99% used [0x11600000, 0x19e7f1e8, 0x19e80000)
  from space 17472K,  99% used [0x1af90000, 0x1c09f358, 0x1c0a0000)
  to   space 17472K,   0% used [0x19e80000, 0x19e80000, 0x1af90000)
 concurrent mark-sweep generation total 349568K, used 349564K [0x1c0a0000, 0x31600000, 0x31600000)
 Metaspace       used 160590K, capacity 164583K, committed 165760K, reserved 166272K
}
Event: 2967.435 GC heap before
{Heap before GC invocations=2010 (full 39):
 par new generation   total 157248K, used 157241K [0x11600000, 0x1c0a0000, 0x1c0a0000)
  eden space 139776K,  99% used [0x11600000, 0x19e7f1e8, 0x19e80000)
  from space 17472K,  99% used [0x1af90000, 0x1c09f358, 0x1c0a0000)
  to   space 17472K,   0% used [0x19e80000, 0x19e80000, 0x1af90000)
 concurrent mark-sweep generation total 349568K, used 349564K [0x1c0a0000, 0x31600000, 0x31600000)
 Metaspace       used 160590K, capacity 164583K, committed 165760K, reserved 166272K
Event: 2968.397 GC heap after
Heap after GC invocations=2011 (full 40):
 par new generation   total 157248K, used 157241K [0x11600000, 0x1c0a0000, 0x1c0a0000)
  eden space 139776K,  99% used [0x11600000, 0x19e7f1e8, 0x19e80000)
  from space 17472K,  99% used [0x1af90000, 0x1c09f358, 0x1c0a0000)
  to   space 17472K,   0% used [0x19e80000, 0x19e80000, 0x1af90000)
 concurrent mark-sweep generation total 349568K, used 349564K [0x1c0a0000, 0x31600000, 0x31600000)
 Metaspace       used 160590K, capacity 164583K, committed 165760K, reserved 166272K
}
Event: 2968.398 GC heap before
{Heap before GC invocations=2011 (full 40):
 par new generation   total 157248K, used 157244K [0x11600000, 0x1c0a0000, 0x1c0a0000)
  eden space 139776K, 100% used [0x11600000, 0x19e80000, 0x19e80000)
  from space 17472K,  99% used [0x1af90000, 0x1c09f358, 0x1c0a0000)
  to   space 17472K,   0% used [0x19e80000, 0x19e80000, 0x1af90000)
 concurrent mark-sweep generation total 349568K, used 349564K [0x1c0a0000, 0x31600000, 0x31600000)
 Metaspace       used 160590K, capacity 164583K, committed 165760K, reserved 166272K
Event: 2969.361 GC heap after
Heap after GC invocations=2012 (full 41):
 par new generation   total 157248K, used 157241K [0x11600000, 0x1c0a0000, 0x1c0a0000)
  eden space 139776K,  99% used [0x11600000, 0x19e7f238, 0x19e80000)
  from space 17472K,  99% used [0x1af90000, 0x1c09f338, 0x1c0a0000)
  to   space 17472K,   0% used [0x19e80000, 0x19e80000, 0x1af90000)
 concurrent mark-sweep generation total 349568K, used 349564K [0x1c0a0000, 0x31600000, 0x31600000)
 Metaspace       used 160590K, capacity 164583K, committed 165760K, reserved 166272K
}
Event: 2969.361 GC heap before
{Heap before GC invocations=2012 (full 41):
 par new generation   total 157248K, used 157241K [0x11600000, 0x1c0a0000, 0x1c0a0000)
  eden space 139776K,  99% used [0x11600000, 0x19e7f238, 0x19e80000)
  from space 17472K,  99% used [0x1af90000, 0x1c09f338, 0x1c0a0000)
  to   space 17472K,   0% used [0x19e80000, 0x19e80000, 0x1af90000)
 concurrent mark-sweep generation total 349568K, used 349564K [0x1c0a0000, 0x31600000, 0x31600000)
 Metaspace       used 160590K, capacity 164583K, committed 165760K, reserved 166272K
Event: 2970.323 GC heap after
Heap after GC invocations=2013 (full 42):
 par new generation   total 157248K, used 157241K [0x11600000, 0x1c0a0000, 0x1c0a0000)
  eden space 139776K,  99% used [0x11600000, 0x19e7f238, 0x19e80000)
  from space 17472K,  99% used [0x1af90000, 0x1c09f338, 0x1c0a0000)
  to   space 17472K,   0% used [0x19e80000, 0x19e80000, 0x1af90000)
 concurrent mark-sweep generation total 349568K, used 349564K [0x1c0a0000, 0x31600000, 0x31600000)
 Metaspace       used 160590K, capacity 164583K, committed 165760K, reserved 166272K
}

Deoptimization events (10 events):
Event: 2939.167 Thread 0x4cd27000 Uncommon trap: reason=unstable_if action=reinterpret pc=0x0bfee0fc method=java.util.concurrent.locks.AbstractQueuedSynchronizer.doReleaseShared()V @ 33
Event: 2939.349 Thread 0x4c7abc00 Uncommon trap: reason=unstable_if action=reinterpret pc=0x0c324fbc method=com.intellij.psi.impl.compiled.ClsParsingUtil.isJavaIdentifier(Ljava/lang/String;Lcom/intellij/pom/java/LanguageLevel;)Z @ 108
Event: 2939.349 Thread 0x4c7abc00 Uncommon trap: reason=unstable_if action=reinterpret pc=0x0a861a00 method=com.intellij.psi.impl.compiled.StubBuildingVisitor$MethodAnnotationCollectingVisitor.visitLocalVariable(Ljava/lang/String;Ljava/lang/String;Ljava/lang/String;Lorg/jetbrains/org/objec:²ø¦@
Event: 2940.060 Thread 0x4c7abc00 Uncommon trap: reason=unstable_if action=reinterpret pc=0x0ad0f514 method=com.intellij.codeInspection.bytecodeAnalysis.NullableMethodInterpreter.ternaryOperation(Lorg/jetbrains/org/objectweb/asm/tree/AbstractInsnNode;Lorg/jetbrains/org/objectweb/asm/tree/aú$\³ª
Event: 2944.333 Thread 0x4d214000 Uncommon trap: reason=class_check action=maybe_recompile pc=0x0c35073c method=com.intellij.extapi.psi.ASTDelegatePsiElement.findChildByType(Lcom/intellij/psi/tree/TokenSet;)Lcom/intellij/psi/PsiElement; @ 20
Event: 2946.470 Thread 0x4d214000 Uncommon trap: reason=unstable_if action=reinterpret pc=0x0a77c190 method=com.intellij.util.io.PagedFileStorage.getBufferWrapper(JZ)Lcom/intellij/util/io/ByteBufferWrapper; @ 157
Event: 2952.401 Thread 0x3888f000 Uncommon trap: reason=unstable_if action=reinterpret pc=0x0407aff0 method=com.intellij.lexer.HtmlLexer.getTokenType()Lcom/intellij/psi/tree/IElementType; @ 129
Event: 2952.801 Thread 0x3888f000 Uncommon trap: reason=unstable_if action=reinterpret pc=0x0413afb4 method=java.nio.charset.Charset.lookup2(Ljava/lang/String;)Ljava/nio/charset/Charset; @ 53
Event: 2953.417 Thread 0x4c7abc00 Uncommon trap: reason=unstable_if action=reinterpret pc=0x0be9f418 method=com.intellij.lexer.BaseHtmlLexer$XmlNameHandler.handleElement(Lcom/intellij/lexer/Lexer;)V @ 418
Event: 2953.417 Thread 0x4c7abc00 Uncommon trap: reason=unstable_if action=reinterpret pc=0x0a305548 method=com.intellij.lexer.HtmlLexer.getTokenType()Lcom/intellij/psi/tree/IElementType; @ 37

Internal exceptions (10 events):
Event: 2886.057 Thread 0x3572f400 Exception <a 'java/lang/NoSuchMethodError': java.lang.Object.lambda$static$0(I)[Lorg/jetbrains/plugins/groovy/lang/psi/api/statements/typedef/members/GrMethod;> (0x12d9ea80) thrown at [C:\BuildAgent\work\d332137835c821ac\hotspot\src\share\vm\interpreter\li>c$Œ¦@
Event: 2886.071 Thread 0x3572f400 Exception <a 'java/lang/NoSuchMethodError': java.lang.Object.lambda$static$0(I)[Lorg/jetbrains/plugins/groovy/lang/psi/api/statements/GrVariable;> (0x12dad4e8) thrown at [C:\BuildAgent\work\d332137835c821ac\hotspot\src\share\vm\interpreter\linkResolver.cppŒª	Ú$Œ¦@
Event: 2886.072 Thread 0x3572f400 Exception <a 'java/lang/NoSuchMethodError': java.lang.Object.lambda$static$0(I)[Lorg/jetbrains/plugins/groovy/lang/psi/api/statements/params/GrParameter;> (0x12db03f0) thrown at [C:\BuildAgent\work\d332137835c821ac\hotspot\src\share\vm\interpreter\linkResoF ÁÞ–‘¦@
Event: 2888.795 Thread 0x4c7abc00 Implicit null exception at 0x02dbe863 to 0x02dbeb71
Event: 2914.111 Thread 0x4c7abc00 Implicit null exception at 0x0caa923e to 0x0caad5e5
Event: 2932.663 Thread 0x3888f000 Implicit null exception at 0x06088ea9 to 0x06089655
Event: 2932.738 Thread 0x4c7abc00 Implicit null exception at 0x0657c345 to 0x0657c9c9
Event: 2932.752 Thread 0x4c7abc00 Implicit null exception at 0x032fd345 to 0x032fd8dd
Event: 2968.398 Thread 0x4d214000 Exception <a 'java/lang/OutOfMemoryError'> (0x1c328058) thrown at [C:\BuildAgent\work\d332137835c821ac\hotspot\src\share\vm\gc_interface/collectedHeap.inline.hpp, line 159]
Event: 2970.323 Thread 0x4c7abc00 Exception <a 'java/lang/OutOfMemoryError'> (0x1c328038) thrown at [C:\BuildAgent\work\d332137835c821ac\hotspot\src\share\vm\gc_interface/collectedHeap.inline.hpp, line 159]

Events (10 events):
Event: 2970.323 Thread 0x4c7abc00 DEOPT PACKING pc=0x032ae61c sp=0x512deea0
Event: 2970.323 loading class javax/management/QueryExp done
Event: 2970.323 loading class javax/management/ObjectName done
Event: 2970.323 Thread 0x4c7abc00 DEOPT UNPACKING pc=0x01e2c5ab sp=0x512deca0 mode 1
Event: 2970.324 loading class com/sun/jmx/mbeanserver/GetPropertyAction
Event: 2970.324 Executing VM operation: CMS_Initial_Mark
Event: 2970.665 Executing VM operation: CMS_Initial_Mark done
Event: 2970.665 Thread 0x4d214000 DEOPT PACKING pc=0x032ae61c sp=0x4ba4f120
Event: 2970.665 Thread 0x4d214000 DEOPT UNPACKING pc=0x01e2c5ab sp=0x4ba4ef20 mode 1
Event: 2970.666 Executing VM operation: HeapDumper


Dynamic libraries:
0x00400000 - 0x00543000 	D:\idea\IntelliJ IDEA Community Edition 2016.3.4\bin\idea.exe
0x77800000 - 0x77942000 	C:\Windows\SYSTEM32\ntdll.dll
0x75c50000 - 0x75d24000 	C:\Windows\system32\kernel32.dll
0x75a60000 - 0x75aaa000 	C:\Windows\system32\KERNELBASE.dll
0x77590000 - 0x77659000 	C:\Windows\system32\USER32.dll
0x76df0000 - 0x76e3e000 	C:\Windows\system32\GDI32.dll
0x77950000 - 0x7795a000 	C:\Windows\system32\LPK.dll
0x76e40000 - 0x76edd000 	C:\Windows\system32\USP10.dll
0x77660000 - 0x7770c000 	C:\Windows\system32\msvcrt.dll
0x77710000 - 0x777b1000 	C:\Windows\system32\ADVAPI32.dll
0x76a30000 - 0x76a49000 	C:\Windows\SYSTEM32\sechost.dll
0x77480000 - 0x77522000 	C:\Windows\system32\RPCRT4.dll
0x75de0000 - 0x76a2a000 	C:\Windows\system32\SHELL32.dll
0x75d80000 - 0x75dd7000 	C:\Windows\system32\SHLWAPI.dll
0x77460000 - 0x7747f000 	C:\Windows\system32\IMM32.DLL
0x77970000 - 0x77a3c000 	C:\Windows\system32\MSCTF.dll
0x50400000 - 0x509df000 	D:\idea\IntelliJ IDEA Community Edition 2016.3.4\jre\jre\bin\server\jvm.dll
0x71d60000 - 0x71d67000 	C:\Windows\system32\WSOCK32.dll
0x777c0000 - 0x777f5000 	C:\Windows\system32\WS2_32.dll
0x77a40000 - 0x77a46000 	C:\Windows\system32\NSI.dll
0x73bd0000 - 0x73c02000 	C:\Windows\system32\WINMM.dll
0x74ca0000 - 0x74ca9000 	C:\Windows\system32\VERSION.dll
0x76bf0000 - 0x76bf5000 	C:\Windows\system32\PSAPI.DLL
0x715e0000 - 0x7169f000 	C:\Windows\system32\MSVCR100.dll
0x74400000 - 0x7440c000 	D:\idea\IntelliJ IDEA Community Edition 2016.3.4\jre\jre\bin\verify.dll
0x5fc50000 - 0x5fc71000 	D:\idea\IntelliJ IDEA Community Edition 2016.3.4\jre\jre\bin\java.dll
0x6fce0000 - 0x6fcf3000 	D:\idea\IntelliJ IDEA Community Edition 2016.3.4\jre\jre\bin\zip.dll
0x76c00000 - 0x76d5c000 	C:\Windows\system32\ole32.dll
0x75950000 - 0x7595b000 	C:\Windows\system32\profapi.dll
0x77ad0000 - 0x77c11000 	D:\idea\IntelliJ IDEA Community Edition 2016.3.4\jre\jre\bin\awt.dll
0x76d60000 - 0x76def000 	C:\Windows\system32\OLEAUT32.dll
0x71700000 - 0x71784000 	C:\Windows\WinSxS\x86_microsoft.windows.common-controls_6595b64144ccf1df_5.82.7601.17514_none_ec83dffa859149af\COMCTL32.dll
0x74390000 - 0x743d0000 	C:\Windows\system32\uxtheme.dll
0x34960000 - 0x349d5000 	C:\Program Files\kingsoft\kingsoft antivirus\kwsui.dll
0x73f20000 - 0x73f2d000 	C:\Windows\system32\WTSAPI32.dll
0x74080000 - 0x74093000 	C:\Windows\system32\dwmapi.dll
0x758d0000 - 0x758dc000 	C:\Windows\system32\CRYPTBASE.dll
0x5d760000 - 0x5d7d4000 	D:\idea\IntelliJ IDEA Community Edition 2016.3.4\jre\jre\bin\freetype.dll
0x552d0000 - 0x55358000 	D:\idea\IntelliJ IDEA Community Edition 2016.3.4\jre\jre\bin\fontmanager.dll
0x6dbe0000 - 0x6dbf6000 	D:\idea\IntelliJ IDEA Community Edition 2016.3.4\jre\jre\bin\net.dll
0x753b0000 - 0x753ec000 	C:\Windows\system32\mswsock.dll
0x753a0000 - 0x753a6000 	C:\Windows\System32\wship6.dll
0x6db80000 - 0x6db8f000 	D:\idea\IntelliJ IDEA Community Edition 2016.3.4\jre\jre\bin\nio.dll
0x753f0000 - 0x75406000 	C:\Windows\system32\CRYPTSP.dll
0x75150000 - 0x7518b000 	C:\Windows\system32\rsaenh.dll
0x74f90000 - 0x74fa7000 	C:\Windows\system32\USERENV.dll
0x74c80000 - 0x74c9c000 	C:\Windows\system32\IPHLPAPI.DLL
0x74c70000 - 0x74c77000 	C:\Windows\system32\WINNSI.DLL
0x73650000 - 0x7365d000 	C:\Windows\system32\dhcpcsvc6.DLL
0x73630000 - 0x73642000 	C:\Windows\system32\dhcpcsvc.DLL
0x34fb0000 - 0x35355000 	C:\Program Files\Sangfor\SSL\ClientComponent\1_SangforTcp.dll
0x74db0000 - 0x74ecc000 	C:\Windows\system32\MFC42.DLL
0x74d20000 - 0x74dac000 	C:\Windows\system32\ODBC32.dll
0x77210000 - 0x77346000 	C:\Windows\system32\urlmon.dll
0x76ee0000 - 0x76fd5000 	C:\Windows\system32\WININET.dll
0x77010000 - 0x7720b000 	C:\Windows\system32\iertutil.dll
0x75ae0000 - 0x75bfd000 	C:\Windows\system32\CRYPT32.dll
0x759c0000 - 0x759cc000 	C:\Windows\system32\MSASN1.dll
0x74cb0000 - 0x74d16000 	C:\Windows\system32\MSVCP60.dll
0x74c30000 - 0x74c68000 	C:\Windows\system32\odbcint.dll
0x74c10000 - 0x74c15000 	C:\Windows\System32\wshtcpip.dll
0x6db70000 - 0x6db7a000 	D:\idea\IntelliJ IDEA Community Edition 2016.3.4\jre\jre\bin\management.dll
0x6d900000 - 0x6d91d000 	C:\Users\dell\.IdeaIC2016.3\system\tmp\jna7979608243282793351.dll
0x6da30000 - 0x6da3d000 	D:\idea\IntelliJ IDEA Community Edition 2016.3.4\bin\IdeaWin32.dll
0x115c0000 - 0x115c9000 	D:\idea\IntelliJ IDEA Community Edition 2016.3.4\bin\focuskiller.dll
0x54150000 - 0x54218000 	C:\Windows\system32\opengl32.dll
0x54010000 - 0x54032000 	C:\Windows\system32\GLU32.dll
0x65900000 - 0x659e7000 	C:\Windows\system32\DDRAW.dll
0x658f0000 - 0x658f6000 	C:\Windows\system32\DCIMAN32.dll
0x76a50000 - 0x76bed000 	C:\Windows\system32\SETUPAPI.dll
0x75ab0000 - 0x75ad7000 	C:\Windows\system32\CFGMGR32.dll
0x75c30000 - 0x75c42000 	C:\Windows\system32\DEVOBJ.dll
0x5d7e0000 - 0x5d811000 	D:\idea\IntelliJ IDEA Community Edition 2016.3.4\jre\jre\bin\splashscreen.dll
0x6dab0000 - 0x6dab6000 	D:\idea\IntelliJ IDEA Community Edition 2016.3.4\jre\jre\bin\jawt.dll
0x75880000 - 0x758cc000 	C:\Windows\system32\apphelp.dll
0x5d740000 - 0x5d760000 	D:\idea\IntelliJ IDEA Community Edition 2016.3.4\jre\jre\bin\sunec.dll
0x6d810000 - 0x6d819000 	D:\idea\IntelliJ IDEA Community Edition 2016.3.4\jre\jre\bin\sunmscapi.dll
0x3ba70000 - 0x3bca8000 	C:\Program Files\Sangfor\SSL\ClientComponent\SangforNsp.dll
0x73410000 - 0x734fb000 	C:\Windows\system32\dbghelp.dll
0x73bc0000 - 0x73bd0000 	C:\Windows\system32\NLAapi.dll
0x73400000 - 0x73410000 	C:\Windows\system32\napinsp.dll
0x733e0000 - 0x733f2000 	C:\Windows\system32\pnrpnsp.dll
0x75240000 - 0x75284000 	C:\Windows\system32\DNSAPI.dll
0x733d0000 - 0x733d8000 	C:\Windows\System32\winrnr.dll
0x73670000 - 0x736a8000 	C:\Windows\System32\fwpuclnt.dll
0x733c0000 - 0x733c6000 	C:\Windows\system32\rasadhlp.dll
0x77350000 - 0x773d3000 	C:\Windows\system32\CLBCatQ.DLL
0x74430000 - 0x745ce000 	C:\Windows\WinSxS\x86_microsoft.windows.common-controls_6595b64144ccf1df_6.0.7601.17514_none_41e6975e2bd6f2b2\comctl32.dll
0x73f50000 - 0x7404b000 	C:\Windows\system32\WindowsCodecs.dll
0x6c1d0000 - 0x6c1ea000 	C:\Program Files\Common Files\TortoiseOverlays\TortoiseOverlays.dll
0x6c190000 - 0x6c193000 	D:\svn\TortoiseSVN\bin\api-ms-win-core-synch-l1-2-0.DLL
0x6c170000 - 0x6c187000 	D:\svn\TortoiseSVN\bin\TortoiseStub32.dll
0x6c0f0000 - 0x6c166000 	D:\svn\TortoiseSVN\bin\TortoiseSVN32.dll
0x6bc80000 - 0x6c0e4000 	D:\svn\TortoiseSVN\bin\libsvn_tsvn32.dll
0x6bc50000 - 0x6bc7a000 	D:\svn\TortoiseSVN\bin\libapr_tsvn32.dll
0x6bc30000 - 0x6bc45000 	D:\svn\TortoiseSVN\bin\VCRUNTIME140.dll
0x6bc20000 - 0x6bc24000 	D:\svn\TortoiseSVN\bin\api-ms-win-crt-runtime-l1-1-0.dll
0x6bb30000 - 0x6bc11000 	D:\svn\TortoiseSVN\bin\ucrtbase.DLL
0x6bb20000 - 0x6bb23000 	D:\svn\TortoiseSVN\bin\api-ms-win-core-timezone-l1-1-0.dll
0x6bb10000 - 0x6bb13000 	D:\svn\TortoiseSVN\bin\api-ms-win-core-file-l2-1-0.dll
0x6bb00000 - 0x6bb03000 	D:\svn\TortoiseSVN\bin\api-ms-win-core-localization-l1-2-0.dll
0x6baf0000 - 0x6baf3000 	D:\svn\TortoiseSVN\bin\api-ms-win-core-processthreads-l1-1-1.dll
0x6bae0000 - 0x6bae3000 	D:\svn\TortoiseSVN\bin\api-ms-win-core-file-l1-2-0.dll
0x6bad0000 - 0x6bad4000 	D:\svn\TortoiseSVN\bin\api-ms-win-crt-string-l1-1-0.dll
0x6bac0000 - 0x6bac3000 	D:\svn\TortoiseSVN\bin\api-ms-win-crt-heap-l1-1-0.dll
0x6bab0000 - 0x6bab4000 	D:\svn\TortoiseSVN\bin\api-ms-win-crt-stdio-l1-1-0.dll
0x6baa0000 - 0x6baa4000 	D:\svn\TortoiseSVN\bin\api-ms-win-crt-convert-l1-1-0.dll
0x6ba90000 - 0x6ba93000 	D:\svn\TortoiseSVN\bin\api-ms-win-crt-conio-l1-1-0.dll
0x6ba80000 - 0x6ba83000 	D:\svn\TortoiseSVN\bin\api-ms-win-crt-utility-l1-1-0.dll
0x6ba70000 - 0x6ba75000 	D:\svn\TortoiseSVN\bin\api-ms-win-crt-math-l1-1-0.dll
0x6ba60000 - 0x6ba63000 	D:\svn\TortoiseSVN\bin\api-ms-win-crt-environment-l1-1-0.dll
0x6ba50000 - 0x6ba53000 	D:\svn\TortoiseSVN\bin\api-ms-win-crt-time-l1-1-0.dll
0x6ba10000 - 0x6ba4a000 	D:\svn\TortoiseSVN\bin\libaprutil_tsvn32.dll
0x75d30000 - 0x75d75000 	C:\Windows\system32\WLDAP32.dll
0x6ba00000 - 0x6ba0f000 	D:\svn\TortoiseSVN\bin\intl3_tsvn32.dll
0x6b9f0000 - 0x6b9f3000 	D:\svn\TortoiseSVN\bin\api-ms-win-crt-filesystem-l1-1-0.dll
0x6b9d0000 - 0x6b9e5000 	D:\svn\TortoiseSVN\bin\libsasl32.dll
0x75710000 - 0x75718000 	C:\Windows\system32\Secur32.dll
0x75860000 - 0x7587b000 	C:\Windows\system32\SSPICLI.DLL
0x6b9c0000 - 0x6b9c3000 	D:\svn\TortoiseSVN\bin\api-ms-win-crt-locale-l1-1-0.dll
0x6b950000 - 0x6b9bd000 	D:\svn\TortoiseSVN\bin\MSVCP140.dll
0x6b940000 - 0x6b945000 	D:\svn\TortoiseSVN\bin\api-ms-win-crt-multibyte-l1-1-0.dll
0x6b910000 - 0x6b938000 	D:\svn\TortoiseSVN\bin\crshhndl.dll
0x6ade0000 - 0x6ae11000 	C:\Windows\system32\EhStorShell.dll
0x745d0000 - 0x746c5000 	C:\Windows\system32\PROPSYS.dll
0x6ad70000 - 0x6adda000 	C:\Windows\System32\cscui.dll
0x6b900000 - 0x6b909000 	C:\Windows\System32\CSCDLL.dll
0x6d710000 - 0x6d71b000 	C:\Windows\system32\CSCAPI.dll

VM Arguments:
jvm_args: -Xms128m -Xmx512m -XX:ReservedCodeCacheSize=240m -XX:+UseConcMarkSweepGC -XX:SoftRefLRUPolicyMSPerMB=50 -ea -Dsun.io.useCanonCaches=false -Djava.net.preferIPv4Stack=true -XX:+HeapDumpOnOutOfMemoryError -XX:-OmitStackTraceInFastThrow -Djb.vmOptionsFile=D:\idea\IntelliJ IDEA Community Edition 2016.3.4\bin\idea.exe.vmoptions -Xbootclasspath/a:D:\idea\IntelliJ IDEA Community Edition 2016.3.4\lib\boot.jar -Didea.platform.prefix=Idea -Didea.jre.check=true -Didea.paths.selector=IdeaIC2016.3 -XX:ErrorFile=C:\Users\dell\java_error_in_idea_%p.log -XX:HeapDumpPath=C:\Users\dell\java_error_in_idea.hprof 
java_command: <unknown>
java_class_path (initial): D:\idea\IntelliJ IDEA Community Edition 2016.3.4\lib\bootstrap.jar;D:\idea\IntelliJ IDEA Community Edition 2016.3.4\lib\extensions.jar;D:\idea\IntelliJ IDEA Community Edition 2016.3.4\lib\util.jar;D:\idea\IntelliJ IDEA Community Edition 2016.3.4\lib\jdom.jar;D:\idea\IntelliJ IDEA Community Edition 2016.3.4\lib\log4j.jar;D:\idea\IntelliJ IDEA Community Edition 2016.3.4\lib\trove4j.jar;D:\idea\IntelliJ IDEA Community Edition 2016.3.4\lib\jna.jar;D:\idea\IntelliJ IDEA Community Edition 2016.3.4\jre\lib\tools.jar
Launcher Type: generic

Environment Variables:
JAVA_HOME=D:\jdk\Java\jdk1.7.0_79
CLASSPATH=.;D:\jdk\Java\jdk1.7.0_79\lib;D:\jdk\Java\jdk1.7.0_79\lib\tools.jar;
PATH=C:\Users\dell\AppData\Roaming\Tencent\QPlus\4.8.3071.0\QPlusRes\features\kissweather\bin\;C:\Users\dell\AppData\Roaming\Tencent\QPlus\4.8.3071.0\QPlusRes\features\searchtool\bin\;C:\Users\dell\AppData\Roaming\Tencent\QPlus\4.8.3071.0\QPlusRes\features\personalcenter\bin\;C:\Users\dell\AppData\Roaming\Tencent\QPlus\4.8.3071.0\QPlusRes\features\frequentapptips\bin\;C:\Users\dell\AppData\Roaming\Tencent\QPlus\4.8.3071.0\QPlusRes\features\backgroundtool\bin\;C:\Users\dell\AppData\Roaming\Tencent\QPlus\4.8.3071.0\QPlusRes\features\mirrorscreen\bin\;C:\Users\dell\AppData\Roaming\Tencent\QPlus\4.8.3071.0\Bin\;D:\python3.3.2;C:\Windows\system32;C:\Windows;C:\Windows\System32\Wbem;C:\Windows\System32\WindowsPowerShell\v1.0\;C:\Program Files\Intel\OpenCL SDK\2.0\bin\x86;D:\jdk\Java\jdk1.7.0_79\bin;D:\jdk\Java\jdk1.7.0_79\jre\bin;D:\svn\TortoiseSVN\bin;C:\Program Files\MySQL\MySQL Server 5.5\bin;D:\eclipse\hadoop\bin;D:\python3.3.2\Scripts;C:\Windows\system32;D:\scala-2.10.1\bin;D:\scala-2.10.1\jre\bin;D:\git\Git\cmd
USERNAME=dell
OS=Windows_NT
PROCESSOR_IDENTIFIER=x86 Family 6 Model 42 Stepping 7, GenuineIntel



---------------  S Y S T E M  ---------------

OS: Windows 7 Build 7601 (6.1.7601.17514)

CPU:total 4 (4 cores per cpu, 1 threads per core) family 6 model 42 stepping 7, cmov, cx8, fxsr, mmx, sse, sse2, sse3, ssse3, sse4.1, sse4.2, popcnt, avx, aes, clmul, tsc, tscinvbit

Memory: 4k page, physical 3318724k(255564k free), swap 6635732k(1986056k free)

vm_info: OpenJDK Server VM (25.112-b6) for windows-x86 JRE (1.8.0_112-release-408-b6), built on Nov 29 2016 15:50:51 by "builduser" with MS VC++ 10.0 (VS2010)

time: Mon Jun 12 11:45:15 2017
elapsed time: 2971 seconds (0d 0h 49m 31s)

